<?xml version="1.0" encoding="utf-8"?><testsuites name="pytest tests"><testsuite name="pytest" errors="0" failures="0" skipped="0" tests="4" time="14.182" timestamp="2026-04-13T18:16:55.739263+00:00" hostname="agent-env-2ebfaf44-0f01-45eb-81cf-4d3c6e3464f3"><testcase classname="backend.tests.test_warroom" name="test_root" time="0.367" /><testcase classname="backend.tests.test_warroom" name="test_brief_valid" time="7.080" /><testcase classname="backend.tests.test_warroom" name="test_brief_missing_field" time="0.193" /><testcase classname="backend.tests.test_warroom" name="test_brief_with_image" time="6.377" /></testsuite></testsuites>